*********************************************************************
* LD Score Regression (LDSC)
* Version 1.0.1
* (C) 2014-2019 Brendan Bulik-Sullivan and Hilary Finucane
* Broad Institute of MIT and Harvard / MIT Department of Mathematics
* GNU General Public License v3
*********************************************************************
Call: 
./ldsc.py \
--print-snps /home/ye/Data/SNP_List/LDSCfile/hapmap3_snps/hm.10.snp \
--ld-wind-cm 1.0 \
--out /home/ye/Work/BioAligment/SNP/LD_Annot/memory-B.bed/GDT_Cell.10 \
--bfile /home/ye/Data/SNP_List/LDSCfile/1000G_Phase3_EAS_plinkfiles/1000G.EAS.QC.10 \
--thin-annot  \
--annot /home/ye/Work/BioAligment/SNP/LD_Annot/memory-B.bed/GDT_Cell.10.annot.gz \
--l2  

Beginning analysis at Fri Oct 30 13:24:51 2020
Read list of 446216 SNPs from /home/ye/Data/SNP_List/LDSCfile/1000G_Phase3_EAS_plinkfiles/1000G.EAS.QC.10.bim
Read 1 annotations for 446216 SNPs from /home/ye/Work/BioAligment/SNP/LD_Annot/memory-B.bed/GDT_Cell.10.annot.gz
Read list of 481 individuals from /home/ye/Data/SNP_List/LDSCfile/1000G_Phase3_EAS_plinkfiles/1000G.EAS.QC.10.fam
Reading genotypes from /home/ye/Data/SNP_List/LDSCfile/1000G_Phase3_EAS_plinkfiles/1000G.EAS.QC.10.bed
Estimating LD Score.
Reading list of 73929 SNPs for which to print LD Scores from /home/ye/Data/SNP_List/LDSCfile/hapmap3_snps/hm.10.snp
After merging with --print-snps, LD Scores for 59396 SNPs will be printed.
Writing LD Scores for 59396 SNPs to /home/ye/Work/BioAligment/SNP/LD_Annot/memory-B.bed/GDT_Cell.10.l2.ldscore.gz

Summary of LD Scores in /home/ye/Work/BioAligment/SNP/LD_Annot/memory-B.bed/GDT_Cell.10.l2.ldscore.gz
         MAF          L2
mean  0.2325  8.1838e-06
std   0.1453  4.3098e-04
min   0.0052 -2.0876e-03
25%   0.1050  0.0000e+00
50%   0.2225  0.0000e+00
75%   0.3555  0.0000e+00
max   0.5000  3.5428e-02

MAF/LD Score Correlation Matrix
        MAF      L2
MAF  1.0000  0.0025
L2   0.0025  1.0000

Annotation Correlation Matrix
       ANNOT
ANNOT    1.0

Annotation Matrix Column Sums
ANNOT    1

Summary of Annotation Matrix Row Sums
count    4.4622e+05
mean     2.2411e-06
std      1.4970e-03
min      0.0000e+00
25%      0.0000e+00
50%      0.0000e+00
75%      0.0000e+00
max      1.0000e+00
Analysis finished at Fri Oct 30 13:25:58 2020
Total time elapsed: 1.0m:7.36s
