*********************************************************************
* LD Score Regression (LDSC)
* Version 1.0.1
* (C) 2014-2019 Brendan Bulik-Sullivan and Hilary Finucane
* Broad Institute of MIT and Harvard / MIT Department of Mathematics
* GNU General Public License v3
*********************************************************************
Call: 
./ldsc.py \
--print-snps /home/ye/Data/SNP_List/LDSCfile/hapmap3_snps/hm.4.snp \
--ld-wind-cm 1.0 \
--out /home/ye/Work/BioAligment/SNP/LD_Annot/memory-B.bed/GDT_Cell.4 \
--bfile /home/ye/Data/SNP_List/LDSCfile/1000G_Phase3_EAS_plinkfiles/1000G.EAS.QC.4 \
--thin-annot  \
--annot /home/ye/Work/BioAligment/SNP/LD_Annot/memory-B.bed/GDT_Cell.4.annot.gz \
--l2  

Beginning analysis at Fri Oct 30 11:44:14 2020
Read list of 638260 SNPs from /home/ye/Data/SNP_List/LDSCfile/1000G_Phase3_EAS_plinkfiles/1000G.EAS.QC.4.bim
Read 1 annotations for 638260 SNPs from /home/ye/Work/BioAligment/SNP/LD_Annot/memory-B.bed/GDT_Cell.4.annot.gz
Read list of 481 individuals from /home/ye/Data/SNP_List/LDSCfile/1000G_Phase3_EAS_plinkfiles/1000G.EAS.QC.4.fam
Reading genotypes from /home/ye/Data/SNP_List/LDSCfile/1000G_Phase3_EAS_plinkfiles/1000G.EAS.QC.4.bed
Estimating LD Score.
Reading list of 85881 SNPs for which to print LD Scores from /home/ye/Data/SNP_List/LDSCfile/hapmap3_snps/hm.4.snp
After merging with --print-snps, LD Scores for 68706 SNPs will be printed.
Writing LD Scores for 68706 SNPs to /home/ye/Work/BioAligment/SNP/LD_Annot/memory-B.bed/GDT_Cell.4.l2.ldscore.gz

Summary of LD Scores in /home/ye/Work/BioAligment/SNP/LD_Annot/memory-B.bed/GDT_Cell.4.l2.ldscore.gz
         MAF      L2
mean  0.2348  0.0005
std   0.1445  0.0108
min   0.0052 -0.0042
25%   0.1071  0.0000
50%   0.2277  0.0000
75%   0.3576  0.0000
max   0.5000  1.0000

MAF/LD Score Correlation Matrix
        MAF      L2
MAF  1.0000  0.0083
L2   0.0083  1.0000

Annotation Correlation Matrix
       ANNOT
ANNOT    1.0

Annotation Matrix Column Sums
ANNOT    4

Summary of Annotation Matrix Row Sums
count    6.3826e+05
mean     6.2670e-06
std      2.5034e-03
min      0.0000e+00
25%      0.0000e+00
50%      0.0000e+00
75%      0.0000e+00
max      1.0000e+00
Analysis finished at Fri Oct 30 11:45:55 2020
Total time elapsed: 1.0m:41.5s
