*********************************************************************
* LD Score Regression (LDSC)
* Version 1.0.1
* (C) 2014-2019 Brendan Bulik-Sullivan and Hilary Finucane
* Broad Institute of MIT and Harvard / MIT Department of Mathematics
* GNU General Public License v3
*********************************************************************
Call: 
./ldsc.py \
--print-snps /home/ye/Data/SNP_List/LDSCfile/hapmap3_snps/hm.6.snp \
--ld-wind-cm 1.0 \
--out /home/ye/Work/BioAligment/SNP/LD_Annot/NK.bed/GDT_Cell.6 \
--bfile /home/ye/Data/SNP_List/LDSCfile/1000G_Phase3_EAS_plinkfiles/1000G.EAS.QC.6 \
--thin-annot  \
--annot /home/ye/Work/BioAligment/SNP/LD_Annot/NK.bed/GDT_Cell.6.annot.gz \
--l2  

Beginning analysis at Fri Oct 30 12:32:28 2020
Read list of 590664 SNPs from /home/ye/Data/SNP_List/LDSCfile/1000G_Phase3_EAS_plinkfiles/1000G.EAS.QC.6.bim
Read 1 annotations for 590664 SNPs from /home/ye/Work/BioAligment/SNP/LD_Annot/NK.bed/GDT_Cell.6.annot.gz
Read list of 481 individuals from /home/ye/Data/SNP_List/LDSCfile/1000G_Phase3_EAS_plinkfiles/1000G.EAS.QC.6.fam
Reading genotypes from /home/ye/Data/SNP_List/LDSCfile/1000G_Phase3_EAS_plinkfiles/1000G.EAS.QC.6.bed
Estimating LD Score.
Reading list of 91491 SNPs for which to print LD Scores from /home/ye/Data/SNP_List/LDSCfile/hapmap3_snps/hm.6.snp
After merging with --print-snps, LD Scores for 74455 SNPs will be printed.
Writing LD Scores for 74455 SNPs to /home/ye/Work/BioAligment/SNP/LD_Annot/NK.bed/GDT_Cell.6.l2.ldscore.gz

Summary of LD Scores in /home/ye/Work/BioAligment/SNP/LD_Annot/NK.bed/GDT_Cell.6.l2.ldscore.gz
         MAF      L2
mean  0.2324  0.0001
std   0.1465  0.0079
min   0.0052 -0.0021
25%   0.1008  0.0000
50%   0.2256  0.0000
75%   0.3576  0.0000
max   0.5000  0.9686

MAF/LD Score Correlation Matrix
        MAF      L2
MAF  1.0000 -0.0151
L2  -0.0151  1.0000

Annotation Correlation Matrix
       ANNOT
ANNOT    1.0

Annotation Matrix Column Sums
ANNOT    1

Summary of Annotation Matrix Row Sums
count    5.9066e+05
mean     1.6930e-06
std      1.3012e-03
min      0.0000e+00
25%      0.0000e+00
50%      0.0000e+00
75%      0.0000e+00
max      1.0000e+00
Analysis finished at Fri Oct 30 12:34:39 2020
Total time elapsed: 2.0m:10.2s
