*********************************************************************
* LD Score Regression (LDSC)
* Version 1.0.1
* (C) 2014-2019 Brendan Bulik-Sullivan and Hilary Finucane
* Broad Institute of MIT and Harvard / MIT Department of Mathematics
* GNU General Public License v3
*********************************************************************
Call: 
./ldsc.py \
--print-snps /home/ye/Data/SNP_List/LDSCfile/hapmap3_snps/hm.16.snp \
--ld-wind-cm 1.0 \
--out /home/ye/Work/BioAligment/SNP/LD_Annot/NK.bed/GDT_Cell.16 \
--bfile /home/ye/Data/SNP_List/LDSCfile/1000G_Phase3_EAS_plinkfiles/1000G.EAS.QC.16 \
--thin-annot  \
--annot /home/ye/Work/BioAligment/SNP/LD_Annot/NK.bed/GDT_Cell.16.annot.gz \
--l2  

Beginning analysis at Fri Oct 30 14:27:48 2020
Read list of 272212 SNPs from /home/ye/Data/SNP_List/LDSCfile/1000G_Phase3_EAS_plinkfiles/1000G.EAS.QC.16.bim
Read 1 annotations for 272212 SNPs from /home/ye/Work/BioAligment/SNP/LD_Annot/NK.bed/GDT_Cell.16.annot.gz
Read list of 481 individuals from /home/ye/Data/SNP_List/LDSCfile/1000G_Phase3_EAS_plinkfiles/1000G.EAS.QC.16.fam
Reading genotypes from /home/ye/Data/SNP_List/LDSCfile/1000G_Phase3_EAS_plinkfiles/1000G.EAS.QC.16.bed
Estimating LD Score.
Reading list of 44710 SNPs for which to print LD Scores from /home/ye/Data/SNP_List/LDSCfile/hapmap3_snps/hm.16.snp
After merging with --print-snps, LD Scores for 34631 SNPs will be printed.
Writing LD Scores for 34631 SNPs to /home/ye/Work/BioAligment/SNP/LD_Annot/NK.bed/GDT_Cell.16.l2.ldscore.gz

Summary of LD Scores in /home/ye/Work/BioAligment/SNP/LD_Annot/NK.bed/GDT_Cell.16.l2.ldscore.gz
         MAF          L2
mean  0.2353  1.1095e-05
std   0.1440  6.7776e-04
min   0.0052 -2.0877e-03
25%   0.1102  0.0000e+00
50%   0.2297  0.0000e+00
75%   0.3576  0.0000e+00
max   0.5000  5.0220e-02

MAF/LD Score Correlation Matrix
        MAF      L2
MAF  1.0000  0.0005
L2   0.0005  1.0000

Annotation Correlation Matrix
       ANNOT
ANNOT    1.0

Annotation Matrix Column Sums
ANNOT    1

Summary of Annotation Matrix Row Sums
count    2.7221e+05
mean     3.6736e-06
std      1.9167e-03
min      0.0000e+00
25%      0.0000e+00
50%      0.0000e+00
75%      0.0000e+00
max      1.0000e+00
Analysis finished at Fri Oct 30 14:28:24 2020
Total time elapsed: 35.89s
