*********************************************************************
* LD Score Regression (LDSC)
* Version 1.0.1
* (C) 2014-2019 Brendan Bulik-Sullivan and Hilary Finucane
* Broad Institute of MIT and Harvard / MIT Department of Mathematics
* GNU General Public License v3
*********************************************************************
Call: 
./ldsc.py \
--print-snps /home/ye/Data/SNP_List/LDSCfile/hapmap3_snps/hm.21.snp \
--ld-wind-cm 1.0 \
--out /home/ye/Work/BioAligment/SNP/LD_Annot/Naive-B.bed/GDT_Cell.21 \
--bfile /home/ye/Data/SNP_List/LDSCfile/1000G_Phase3_EAS_plinkfiles/1000G.EAS.QC.21 \
--thin-annot  \
--annot /home/ye/Work/BioAligment/SNP/LD_Annot/Naive-B.bed/GDT_Cell.21.annot.gz \
--l2  

Beginning analysis at Fri Oct 30 14:52:44 2020
Read list of 121568 SNPs from /home/ye/Data/SNP_List/LDSCfile/1000G_Phase3_EAS_plinkfiles/1000G.EAS.QC.21.bim
Read 1 annotations for 121568 SNPs from /home/ye/Work/BioAligment/SNP/LD_Annot/Naive-B.bed/GDT_Cell.21.annot.gz
Read list of 481 individuals from /home/ye/Data/SNP_List/LDSCfile/1000G_Phase3_EAS_plinkfiles/1000G.EAS.QC.21.fam
Reading genotypes from /home/ye/Data/SNP_List/LDSCfile/1000G_Phase3_EAS_plinkfiles/1000G.EAS.QC.21.bed
Estimating LD Score.
Reading list of 19331 SNPs for which to print LD Scores from /home/ye/Data/SNP_List/LDSCfile/hapmap3_snps/hm.21.snp
After merging with --print-snps, LD Scores for 15824 SNPs will be printed.
Writing LD Scores for 15824 SNPs to /home/ye/Work/BioAligment/SNP/LD_Annot/Naive-B.bed/GDT_Cell.21.l2.ldscore.gz

Summary of LD Scores in /home/ye/Work/BioAligment/SNP/LD_Annot/Naive-B.bed/GDT_Cell.21.l2.ldscore.gz
         MAF          L2
mean  0.2438  7.3274e-05
std   0.1443  9.6590e-04
min   0.0052 -2.0874e-03
25%   0.1185  0.0000e+00
50%   0.2370  0.0000e+00
75%   0.3701  0.0000e+00
max   0.5000  2.2126e-02

MAF/LD Score Correlation Matrix
        MAF      L2
MAF  1.0000  0.0138
L2   0.0138  1.0000

Annotation Correlation Matrix
       ANNOT
ANNOT    1.0

Annotation Matrix Column Sums
ANNOT    1

Summary of Annotation Matrix Row Sums
count    1.2157e+05
mean     8.2258e-06
std      2.8681e-03
min      0.0000e+00
25%      0.0000e+00
50%      0.0000e+00
75%      0.0000e+00
max      1.0000e+00
Analysis finished at Fri Oct 30 14:52:59 2020
Total time elapsed: 15.12s
