nohup: ignoring input
[ ][APP][19/01/20-11:09:30][WARNING] Latest local available version is `v2.0.0`, using it
[ ][APP][19/01/20-11:09:30][WARNING] User selected downloaded database `v2.0.0` is available, using it
[ ][CORE][19/01/20-11:09:30][INFO] Initializing SqlAlchemy CellPhoneDB Core
[ ][CORE][19/01/20-11:09:30][INFO] Using custom database at /home/ye/.cpdb/releases/v2.0.0/cellphone.db
[ ][APP][19/01/20-11:09:30][INFO] Launching Method cpdb_statistical_analysis_local_method_launcher
[ ][APP][19/01/20-11:09:30][INFO] Launching Method _set_paths
[ ][APP][19/01/20-11:09:30][INFO] Launching Method _load_meta_counts
[ ][CORE][19/01/20-11:10:12][INFO] Launching Method cpdb_statistical_analysis_launcher
[ ][CORE][19/01/20-11:10:12][INFO] Launching Method _counts_validations
[ ][CORE][19/01/20-11:10:23][INFO] [Cluster Statistical Analysis Simple] Threshold:0.1 Iterations:1000 Debug-seed:-1 Threads:4 Precision:3
[ ][CORE][19/01/20-11:10:23][INFO] Running Simple Prefilters
[ ][CORE][19/01/20-11:10:24][INFO] Running Real Simple Analysis
[ ][CORE][19/01/20-11:10:25][INFO] Running Statistical Analysis
/home/ye/Software/Python/location/envs/r-base/lib/python3.7/site-packages/sklearn/utils/deprecation.py:144: FutureWarning: The sklearn.cluster.k_means_ module is  deprecated in version 0.22 and will be removed in version 0.24. The corresponding classes / functions should instead be imported from sklearn.cluster. Anything that cannot be imported from sklearn.cluster is now part of the private API.
  warnings.warn(message, FutureWarning)
[ ][CORE][19/01/20-11:43:49][INFO] Building Pvalues result
[ ][CORE][19/01/20-11:43:52][INFO] Building Simple results
[ ][CORE][19/01/20-11:43:53][INFO] [Cluster Statistical Analysis Complex] Threshold:0.1 Iterations:1000 Debug-seed:-1 Threads:4 Precision:3
[ ][CORE][19/01/20-11:43:53][INFO] Running Complex Prefilters
[ ][CORE][19/01/20-11:45:21][INFO] Running Real Complex Analysis
[ ][CORE][19/01/20-11:45:21][INFO] Running Statistical Analysis
[ ][CORE][19/01/20-12:17:00][INFO] Building Pvalues result
[ ][CORE][19/01/20-12:17:01][INFO] Building Complex results
