*********************************************************************
* LD Score Regression (LDSC)
* Version 1.0.1
* (C) 2014-2019 Brendan Bulik-Sullivan and Hilary Finucane
* Broad Institute of MIT and Harvard / MIT Department of Mathematics
* GNU General Public License v3
*********************************************************************
Call: 
./ldsc.py \
--print-snps /home/ye/Data/SNP_List/LDSCfile/hapmap3_snps/hm.2.snp \
--ld-wind-cm 1.0 \
--out /home/ye/Work/BioAligment/SNP/LD_Annot/Basophils.bed/GDT_Cell.2 \
--bfile /home/ye/Data/SNP_List/LDSCfile/1000G_Phase3_EAS_plinkfiles/1000G.EAS.QC.2 \
--thin-annot  \
--annot /home/ye/Work/BioAligment/SNP/LD_Annot/Basophils.bed/GDT_Cell.2.annot.gz \
--l2  

Beginning analysis at Fri Oct 30 10:54:47 2020
Read list of 731373 SNPs from /home/ye/Data/SNP_List/LDSCfile/1000G_Phase3_EAS_plinkfiles/1000G.EAS.QC.2.bim
Read 1 annotations for 731373 SNPs from /home/ye/Work/BioAligment/SNP/LD_Annot/Basophils.bed/GDT_Cell.2.annot.gz
Read list of 481 individuals from /home/ye/Data/SNP_List/LDSCfile/1000G_Phase3_EAS_plinkfiles/1000G.EAS.QC.2.fam
Reading genotypes from /home/ye/Data/SNP_List/LDSCfile/1000G_Phase3_EAS_plinkfiles/1000G.EAS.QC.2.bed
Estimating LD Score.
Reading list of 116575 SNPs for which to print LD Scores from /home/ye/Data/SNP_List/LDSCfile/hapmap3_snps/hm.2.snp
After merging with --print-snps, LD Scores for 92476 SNPs will be printed.
Writing LD Scores for 92476 SNPs to /home/ye/Work/BioAligment/SNP/LD_Annot/Basophils.bed/GDT_Cell.2.l2.ldscore.gz

Summary of LD Scores in /home/ye/Work/BioAligment/SNP/LD_Annot/Basophils.bed/GDT_Cell.2.l2.ldscore.gz
         MAF      L2
mean  0.2310  0.0015
std   0.1454  0.0254
min   0.0052 -0.0042
25%   0.1019  0.0000
50%   0.2204  0.0000
75%   0.3555  0.0000
max   0.5000  0.9990

MAF/LD Score Correlation Matrix
        MAF      L2
MAF  1.0000  0.0052
L2   0.0052  1.0000

Annotation Correlation Matrix
       ANNOT
ANNOT    1.0

Annotation Matrix Column Sums
ANNOT    10

Summary of Annotation Matrix Row Sums
count    7.3137e+05
mean     1.3673e-05
std      3.6977e-03
min      0.0000e+00
25%      0.0000e+00
50%      0.0000e+00
75%      0.0000e+00
max      1.0000e+00
Analysis finished at Fri Oct 30 10:56:41 2020
Total time elapsed: 1.0m:53.82s
