*********************************************************************
* LD Score Regression (LDSC)
* Version 1.0.1
* (C) 2014-2019 Brendan Bulik-Sullivan and Hilary Finucane
* Broad Institute of MIT and Harvard / MIT Department of Mathematics
* GNU General Public License v3
*********************************************************************
Call: 
./ldsc.py \
--print-snps /home/ye/Data/SNP_List/LDSCfile/hapmap3_snps/hm.15.snp \
--ld-wind-cm 1.0 \
--out /home/ye/Work/BioAligment/SNP/LD_Annot/cDC.bed/GDT_Cell.15 \
--bfile /home/ye/Data/SNP_List/LDSCfile/1000G_Phase3_EAS_plinkfiles/1000G.EAS.QC.15 \
--thin-annot  \
--annot /home/ye/Work/BioAligment/SNP/LD_Annot/cDC.bed/GDT_Cell.15.annot.gz \
--l2  

Beginning analysis at Fri Oct 30 14:17:21 2020
Read list of 259690 SNPs from /home/ye/Data/SNP_List/LDSCfile/1000G_Phase3_EAS_plinkfiles/1000G.EAS.QC.15.bim
Read 1 annotations for 259690 SNPs from /home/ye/Work/BioAligment/SNP/LD_Annot/cDC.bed/GDT_Cell.15.annot.gz
Read list of 481 individuals from /home/ye/Data/SNP_List/LDSCfile/1000G_Phase3_EAS_plinkfiles/1000G.EAS.QC.15.fam
Reading genotypes from /home/ye/Data/SNP_List/LDSCfile/1000G_Phase3_EAS_plinkfiles/1000G.EAS.QC.15.bed
Estimating LD Score.
Reading list of 42410 SNPs for which to print LD Scores from /home/ye/Data/SNP_List/LDSCfile/hapmap3_snps/hm.15.snp
After merging with --print-snps, LD Scores for 34323 SNPs will be printed.
Writing LD Scores for 34323 SNPs to /home/ye/Work/BioAligment/SNP/LD_Annot/cDC.bed/GDT_Cell.15.l2.ldscore.gz

Summary of LD Scores in /home/ye/Work/BioAligment/SNP/LD_Annot/cDC.bed/GDT_Cell.15.l2.ldscore.gz
         MAF   L2
mean  0.2368  0.0
std   0.1462  0.0
min   0.0052  0.0
25%   0.1091  0.0
50%   0.2277  0.0
75%   0.3659  0.0
max   0.5000  0.0

MAF/LD Score Correlation Matrix
     MAF  L2
MAF  1.0 NaN
L2   NaN NaN

Annotation Correlation Matrix
       ANNOT
ANNOT    NaN

Annotation Matrix Column Sums
ANNOT    0

Summary of Annotation Matrix Row Sums
count    259690.0
mean          0.0
std           0.0
min           0.0
25%           0.0
50%           0.0
75%           0.0
max           0.0
Analysis finished at Fri Oct 30 14:17:55 2020
Total time elapsed: 34.21s
