*********************************************************************
* LD Score Regression (LDSC)
* Version 1.0.1
* (C) 2014-2019 Brendan Bulik-Sullivan and Hilary Finucane
* Broad Institute of MIT and Harvard / MIT Department of Mathematics
* GNU General Public License v3
*********************************************************************
Call: 
./ldsc.py \
--print-snps /home/ye/Data/SNP_List/LDSCfile/hapmap3_snps/hm.11.snp \
--ld-wind-cm 1.0 \
--out /home/ye/Work/BioAligment/SNP/LD_Annot/cDC.bed/GDT_Cell.11 \
--bfile /home/ye/Data/SNP_List/LDSCfile/1000G_Phase3_EAS_plinkfiles/1000G.EAS.QC.11 \
--thin-annot  \
--annot /home/ye/Work/BioAligment/SNP/LD_Annot/cDC.bed/GDT_Cell.11.annot.gz \
--l2  

Beginning analysis at Fri Oct 30 13:35:50 2020
Read list of 427950 SNPs from /home/ye/Data/SNP_List/LDSCfile/1000G_Phase3_EAS_plinkfiles/1000G.EAS.QC.11.bim
Read 1 annotations for 427950 SNPs from /home/ye/Work/BioAligment/SNP/LD_Annot/cDC.bed/GDT_Cell.11.annot.gz
Read list of 481 individuals from /home/ye/Data/SNP_List/LDSCfile/1000G_Phase3_EAS_plinkfiles/1000G.EAS.QC.11.fam
Reading genotypes from /home/ye/Data/SNP_List/LDSCfile/1000G_Phase3_EAS_plinkfiles/1000G.EAS.QC.11.bed
Estimating LD Score.
Reading list of 71092 SNPs for which to print LD Scores from /home/ye/Data/SNP_List/LDSCfile/hapmap3_snps/hm.11.snp
After merging with --print-snps, LD Scores for 56962 SNPs will be printed.
Writing LD Scores for 56962 SNPs to /home/ye/Work/BioAligment/SNP/LD_Annot/cDC.bed/GDT_Cell.11.l2.ldscore.gz

Summary of LD Scores in /home/ye/Work/BioAligment/SNP/LD_Annot/cDC.bed/GDT_Cell.11.l2.ldscore.gz
         MAF      L2
mean  0.2369  0.0005
std   0.1442  0.0142
min   0.0052 -0.0042
25%   0.1112  0.0000
50%   0.2318  0.0000
75%   0.3597  0.0000
max   0.5000  1.0132

MAF/LD Score Correlation Matrix
        MAF      L2
MAF  1.0000  0.0243
L2   0.0243  1.0000

Annotation Correlation Matrix
       ANNOT
ANNOT    1.0

Annotation Matrix Column Sums
ANNOT    3

Summary of Annotation Matrix Row Sums
count    4.2795e+05
mean     7.0102e-06
std      2.6477e-03
min      0.0000e+00
25%      0.0000e+00
50%      0.0000e+00
75%      0.0000e+00
max      1.0000e+00
Analysis finished at Fri Oct 30 13:37:08 2020
Total time elapsed: 1.0m:18.44s
