*********************************************************************
* LD Score Regression (LDSC)
* Version 1.0.1
* (C) 2014-2019 Brendan Bulik-Sullivan and Hilary Finucane
* Broad Institute of MIT and Harvard / MIT Department of Mathematics
* GNU General Public License v3
*********************************************************************
Call: 
./ldsc.py \
--print-snps /home/ye/Data/SNP_List/LDSCfile/hapmap3_snps/hm.12.snp \
--ld-wind-cm 1.0 \
--out /home/ye/Work/BioAligment/SNP/LD_Annot/Naive-T.bed/GDT_Cell.12 \
--bfile /home/ye/Data/SNP_List/LDSCfile/1000G_Phase3_EAS_plinkfiles/1000G.EAS.QC.12 \
--thin-annot  \
--annot /home/ye/Work/BioAligment/SNP/LD_Annot/Naive-T.bed/GDT_Cell.12.annot.gz \
--l2  

Beginning analysis at Fri Oct 30 13:54:25 2020
Read list of 421896 SNPs from /home/ye/Data/SNP_List/LDSCfile/1000G_Phase3_EAS_plinkfiles/1000G.EAS.QC.12.bim
Read 1 annotations for 421896 SNPs from /home/ye/Work/BioAligment/SNP/LD_Annot/Naive-T.bed/GDT_Cell.12.annot.gz
Read list of 481 individuals from /home/ye/Data/SNP_List/LDSCfile/1000G_Phase3_EAS_plinkfiles/1000G.EAS.QC.12.fam
Reading genotypes from /home/ye/Data/SNP_List/LDSCfile/1000G_Phase3_EAS_plinkfiles/1000G.EAS.QC.12.bed
Estimating LD Score.
Reading list of 68635 SNPs for which to print LD Scores from /home/ye/Data/SNP_List/LDSCfile/hapmap3_snps/hm.12.snp
After merging with --print-snps, LD Scores for 54069 SNPs will be printed.
Writing LD Scores for 54069 SNPs to /home/ye/Work/BioAligment/SNP/LD_Annot/Naive-T.bed/GDT_Cell.12.l2.ldscore.gz

Summary of LD Scores in /home/ye/Work/BioAligment/SNP/LD_Annot/Naive-T.bed/GDT_Cell.12.l2.ldscore.gz
         MAF          L2
mean  0.2325  2.3326e-05
std   0.1463  2.4102e-03
min   0.0052 -2.0877e-03
25%   0.1040  0.0000e+00
50%   0.2225  0.0000e+00
75%   0.3576  0.0000e+00
max   0.5000  4.6937e-01

MAF/LD Score Correlation Matrix
        MAF      L2
MAF  1.0000  0.0031
L2   0.0031  1.0000

Annotation Correlation Matrix
       ANNOT
ANNOT    1.0

Annotation Matrix Column Sums
ANNOT    1

Summary of Annotation Matrix Row Sums
count    4.2190e+05
mean     2.3703e-06
std      1.5396e-03
min      0.0000e+00
25%      0.0000e+00
50%      0.0000e+00
75%      0.0000e+00
max      1.0000e+00
Analysis finished at Fri Oct 30 13:55:30 2020
Total time elapsed: 1.0m:5.29s
