*********************************************************************
* LD Score Regression (LDSC)
* Version 1.0.1
* (C) 2014-2019 Brendan Bulik-Sullivan and Hilary Finucane
* Broad Institute of MIT and Harvard / MIT Department of Mathematics
* GNU General Public License v3
*********************************************************************
Call: 
./ldsc.py \
--print-snps /home/ye/Data/SNP_List/LDSCfile/hapmap3_snps/hm.9.snp \
--ld-wind-cm 1.0 \
--out /home/ye/Work/BioAligment/SNP/LD_Annot/Naive-T.bed/GDT_Cell.9 \
--bfile /home/ye/Data/SNP_List/LDSCfile/1000G_Phase3_EAS_plinkfiles/1000G.EAS.QC.9 \
--thin-annot  \
--annot /home/ye/Work/BioAligment/SNP/LD_Annot/Naive-T.bed/GDT_Cell.9.annot.gz \
--l2  

Beginning analysis at Fri Oct 30 13:15:17 2020
Read list of 385369 SNPs from /home/ye/Data/SNP_List/LDSCfile/1000G_Phase3_EAS_plinkfiles/1000G.EAS.QC.9.bim
Read 1 annotations for 385369 SNPs from /home/ye/Work/BioAligment/SNP/LD_Annot/Naive-T.bed/GDT_Cell.9.annot.gz
Read list of 481 individuals from /home/ye/Data/SNP_List/LDSCfile/1000G_Phase3_EAS_plinkfiles/1000G.EAS.QC.9.fam
Reading genotypes from /home/ye/Data/SNP_List/LDSCfile/1000G_Phase3_EAS_plinkfiles/1000G.EAS.QC.9.bed
Estimating LD Score.
Reading list of 63706 SNPs for which to print LD Scores from /home/ye/Data/SNP_List/LDSCfile/hapmap3_snps/hm.9.snp
After merging with --print-snps, LD Scores for 52022 SNPs will be printed.
Writing LD Scores for 52022 SNPs to /home/ye/Work/BioAligment/SNP/LD_Annot/Naive-T.bed/GDT_Cell.9.l2.ldscore.gz

Summary of LD Scores in /home/ye/Work/BioAligment/SNP/LD_Annot/Naive-T.bed/GDT_Cell.9.l2.ldscore.gz
         MAF   L2
mean  0.2340  0.0
std   0.1462  0.0
min   0.0052  0.0
25%   0.1040  0.0
50%   0.2256  0.0
75%   0.3617  0.0
max   0.5000  0.0

MAF/LD Score Correlation Matrix
     MAF  L2
MAF  1.0 NaN
L2   NaN NaN

Annotation Correlation Matrix
       ANNOT
ANNOT    NaN

Annotation Matrix Column Sums
ANNOT    0

Summary of Annotation Matrix Row Sums
count    385369.0
mean          0.0
std           0.0
min           0.0
25%           0.0
50%           0.0
75%           0.0
max           0.0
Analysis finished at Fri Oct 30 13:16:10 2020
Total time elapsed: 52.9s
