*********************************************************************
* LD Score Regression (LDSC)
* Version 1.0.1
* (C) 2014-2019 Brendan Bulik-Sullivan and Hilary Finucane
* Broad Institute of MIT and Harvard / MIT Department of Mathematics
* GNU General Public License v3
*********************************************************************
Call: 
./ldsc.py \
--print-snps /home/ye/Data/SNP_List/LDSCfile/hapmap3_snps/hm.12.snp \
--ld-wind-cm 1.0 \
--out /home/ye/Work/BioAligment/SNP/LD_Annot/CM.bed/GDT_Cell.12 \
--bfile /home/ye/Data/SNP_List/LDSCfile/1000G_Phase3_EAS_plinkfiles/1000G.EAS.QC.12 \
--thin-annot  \
--annot /home/ye/Work/BioAligment/SNP/LD_Annot/CM.bed/GDT_Cell.12.annot.gz \
--l2  

Beginning analysis at Fri Oct 30 13:51:03 2020
Read list of 421896 SNPs from /home/ye/Data/SNP_List/LDSCfile/1000G_Phase3_EAS_plinkfiles/1000G.EAS.QC.12.bim
Read 1 annotations for 421896 SNPs from /home/ye/Work/BioAligment/SNP/LD_Annot/CM.bed/GDT_Cell.12.annot.gz
Read list of 481 individuals from /home/ye/Data/SNP_List/LDSCfile/1000G_Phase3_EAS_plinkfiles/1000G.EAS.QC.12.fam
Reading genotypes from /home/ye/Data/SNP_List/LDSCfile/1000G_Phase3_EAS_plinkfiles/1000G.EAS.QC.12.bed
Estimating LD Score.
Reading list of 68635 SNPs for which to print LD Scores from /home/ye/Data/SNP_List/LDSCfile/hapmap3_snps/hm.12.snp
After merging with --print-snps, LD Scores for 54069 SNPs will be printed.
Writing LD Scores for 54069 SNPs to /home/ye/Work/BioAligment/SNP/LD_Annot/CM.bed/GDT_Cell.12.l2.ldscore.gz

Summary of LD Scores in /home/ye/Work/BioAligment/SNP/LD_Annot/CM.bed/GDT_Cell.12.l2.ldscore.gz
         MAF      L2
mean  0.2325  0.0012
std   0.1463  0.0254
min   0.0052 -0.0021
25%   0.1040  0.0000
50%   0.2225  0.0000
75%   0.3576  0.0000
max   0.5000  1.0000

MAF/LD Score Correlation Matrix
        MAF      L2
MAF  1.0000 -0.0059
L2  -0.0059  1.0000

Annotation Correlation Matrix
       ANNOT
ANNOT    1.0

Annotation Matrix Column Sums
ANNOT    6

Summary of Annotation Matrix Row Sums
count    4.2190e+05
mean     1.4222e-05
std      3.7711e-03
min      0.0000e+00
25%      0.0000e+00
50%      0.0000e+00
75%      0.0000e+00
max      1.0000e+00
Analysis finished at Fri Oct 30 13:52:11 2020
Total time elapsed: 1.0m:8.24s
