*********************************************************************
* LD Score Regression (LDSC)
* Version 1.0.1
* (C) 2014-2019 Brendan Bulik-Sullivan and Hilary Finucane
* Broad Institute of MIT and Harvard / MIT Department of Mathematics
* GNU General Public License v3
*********************************************************************
Call: 
./ldsc.py \
--print-snps /home/ye/Data/SNP_List/LDSCfile/hapmap3_snps/hm.14.snp \
--ld-wind-cm 1.0 \
--out /home/ye/Work/BioAligment/SNP/LD_Annot/CM.bed/GDT_Cell.14 \
--bfile /home/ye/Data/SNP_List/LDSCfile/1000G_Phase3_EAS_plinkfiles/1000G.EAS.QC.14 \
--thin-annot  \
--annot /home/ye/Work/BioAligment/SNP/LD_Annot/CM.bed/GDT_Cell.14.annot.gz \
--l2  

Beginning analysis at Fri Oct 30 14:10:30 2020
Read list of 289383 SNPs from /home/ye/Data/SNP_List/LDSCfile/1000G_Phase3_EAS_plinkfiles/1000G.EAS.QC.14.bim
Read 1 annotations for 289383 SNPs from /home/ye/Work/BioAligment/SNP/LD_Annot/CM.bed/GDT_Cell.14.annot.gz
Read list of 481 individuals from /home/ye/Data/SNP_List/LDSCfile/1000G_Phase3_EAS_plinkfiles/1000G.EAS.QC.14.fam
Reading genotypes from /home/ye/Data/SNP_List/LDSCfile/1000G_Phase3_EAS_plinkfiles/1000G.EAS.QC.14.bed
Estimating LD Score.
Reading list of 45556 SNPs for which to print LD Scores from /home/ye/Data/SNP_List/LDSCfile/hapmap3_snps/hm.14.snp
After merging with --print-snps, LD Scores for 36846 SNPs will be printed.
Writing LD Scores for 36846 SNPs to /home/ye/Work/BioAligment/SNP/LD_Annot/CM.bed/GDT_Cell.14.l2.ldscore.gz

Summary of LD Scores in /home/ye/Work/BioAligment/SNP/LD_Annot/CM.bed/GDT_Cell.14.l2.ldscore.gz
         MAF      L2
mean  0.2385  0.0005
std   0.1477  0.0156
min   0.0052 -0.0021
25%   0.1071  0.0000
50%   0.2308  0.0000
75%   0.3680  0.0000
max   0.5000  1.0000

MAF/LD Score Correlation Matrix
        MAF      L2
MAF  1.0000 -0.0128
L2  -0.0128  1.0000

Annotation Correlation Matrix
       ANNOT
ANNOT    1.0

Annotation Matrix Column Sums
ANNOT    3

Summary of Annotation Matrix Row Sums
count    2.8938e+05
mean     1.0367e-05
std      3.2198e-03
min      0.0000e+00
25%      0.0000e+00
50%      0.0000e+00
75%      0.0000e+00
max      1.0000e+00
Analysis finished at Fri Oct 30 14:11:14 2020
Total time elapsed: 44.37s
