*********************************************************************
* LD Score Regression (LDSC)
* Version 1.0.1
* (C) 2014-2019 Brendan Bulik-Sullivan and Hilary Finucane
* Broad Institute of MIT and Harvard / MIT Department of Mathematics
* GNU General Public License v3
*********************************************************************
Call: 
./ldsc.py \
--print-snps /home/ye/Data/SNP_List/LDSCfile/hapmap3_snps/hm.5.snp \
--ld-wind-cm 1.0 \
--out /home/ye/Work/BioAligment/SNP/LD_Annot/NCM.bed/GDT_Cell.5 \
--bfile /home/ye/Data/SNP_List/LDSCfile/1000G_Phase3_EAS_plinkfiles/1000G.EAS.QC.5 \
--thin-annot  \
--annot /home/ye/Work/BioAligment/SNP/LD_Annot/NCM.bed/GDT_Cell.5.annot.gz \
--l2  

Beginning analysis at Fri Oct 30 12:06:23 2020
Read list of 551673 SNPs from /home/ye/Data/SNP_List/LDSCfile/1000G_Phase3_EAS_plinkfiles/1000G.EAS.QC.5.bim
Read 1 annotations for 551673 SNPs from /home/ye/Work/BioAligment/SNP/LD_Annot/NCM.bed/GDT_Cell.5.annot.gz
Read list of 481 individuals from /home/ye/Data/SNP_List/LDSCfile/1000G_Phase3_EAS_plinkfiles/1000G.EAS.QC.5.fam
Reading genotypes from /home/ye/Data/SNP_List/LDSCfile/1000G_Phase3_EAS_plinkfiles/1000G.EAS.QC.5.bed
Estimating LD Score.
Reading list of 88059 SNPs for which to print LD Scores from /home/ye/Data/SNP_List/LDSCfile/hapmap3_snps/hm.5.snp
After merging with --print-snps, LD Scores for 69435 SNPs will be printed.
Writing LD Scores for 69435 SNPs to /home/ye/Work/BioAligment/SNP/LD_Annot/NCM.bed/GDT_Cell.5.l2.ldscore.gz

Summary of LD Scores in /home/ye/Work/BioAligment/SNP/LD_Annot/NCM.bed/GDT_Cell.5.l2.ldscore.gz
         MAF      L2
mean  0.2354  0.0003
std   0.1477  0.0113
min   0.0052 -0.0021
25%   0.1060  0.0000
50%   0.2245  0.0000
75%   0.3659  0.0000
max   0.5000  0.9064

MAF/LD Score Correlation Matrix
        MAF      L2
MAF  1.0000 -0.0055
L2  -0.0055  1.0000

Annotation Correlation Matrix
       ANNOT
ANNOT    1.0

Annotation Matrix Column Sums
ANNOT    2

Summary of Annotation Matrix Row Sums
count    5.5167e+05
mean     3.6253e-06
std      1.9040e-03
min      0.0000e+00
25%      0.0000e+00
50%      0.0000e+00
75%      0.0000e+00
max      1.0000e+00
Analysis finished at Fri Oct 30 12:07:53 2020
Total time elapsed: 1.0m:29.11s
