*********************************************************************
* LD Score Regression (LDSC)
* Version 1.0.1
* (C) 2014-2019 Brendan Bulik-Sullivan and Hilary Finucane
* Broad Institute of MIT and Harvard / MIT Department of Mathematics
* GNU General Public License v3
*********************************************************************
Call: 
./ldsc.py \
--print-snps /home/ye/Data/SNP_List/LDSCfile/hapmap3_snps/hm.19.snp \
--ld-wind-cm 1.0 \
--out /home/ye/Work/BioAligment/SNP/LD_Annot/NCM.bed/GDT_Cell.19 \
--bfile /home/ye/Data/SNP_List/LDSCfile/1000G_Phase3_EAS_plinkfiles/1000G.EAS.QC.19 \
--thin-annot  \
--annot /home/ye/Work/BioAligment/SNP/LD_Annot/NCM.bed/GDT_Cell.19.annot.gz \
--l2  

Beginning analysis at Fri Oct 30 14:45:08 2020
Read list of 204658 SNPs from /home/ye/Data/SNP_List/LDSCfile/1000G_Phase3_EAS_plinkfiles/1000G.EAS.QC.19.bim
Read 1 annotations for 204658 SNPs from /home/ye/Work/BioAligment/SNP/LD_Annot/NCM.bed/GDT_Cell.19.annot.gz
Read list of 481 individuals from /home/ye/Data/SNP_List/LDSCfile/1000G_Phase3_EAS_plinkfiles/1000G.EAS.QC.19.fam
Reading genotypes from /home/ye/Data/SNP_List/LDSCfile/1000G_Phase3_EAS_plinkfiles/1000G.EAS.QC.19.bed
Estimating LD Score.
Reading list of 26259 SNPs for which to print LD Scores from /home/ye/Data/SNP_List/LDSCfile/hapmap3_snps/hm.19.snp
After merging with --print-snps, LD Scores for 20669 SNPs will be printed.
Writing LD Scores for 20669 SNPs to /home/ye/Work/BioAligment/SNP/LD_Annot/NCM.bed/GDT_Cell.19.l2.ldscore.gz

Summary of LD Scores in /home/ye/Work/BioAligment/SNP/LD_Annot/NCM.bed/GDT_Cell.19.l2.ldscore.gz
         MAF      L2
mean  0.2379  0.0007
std   0.1447  0.0177
min   0.0052 -0.0021
25%   0.1081  0.0000
50%   0.2339  0.0000
75%   0.3597  0.0000
max   0.5000  1.0000

MAF/LD Score Correlation Matrix
       MAF     L2
MAF  1.000 -0.028
L2  -0.028  1.000

Annotation Correlation Matrix
       ANNOT
ANNOT    1.0

Annotation Matrix Column Sums
ANNOT    4

Summary of Annotation Matrix Row Sums
count    2.0466e+05
mean     1.9545e-05
std      4.4209e-03
min      0.0000e+00
25%      0.0000e+00
50%      0.0000e+00
75%      0.0000e+00
max      1.0000e+00
Analysis finished at Fri Oct 30 14:45:40 2020
Total time elapsed: 31.6s
