*********************************************************************
* LD Score Regression (LDSC)
* Version 1.0.1
* (C) 2014-2019 Brendan Bulik-Sullivan and Hilary Finucane
* Broad Institute of MIT and Harvard / MIT Department of Mathematics
* GNU General Public License v3
*********************************************************************
Call: 
./ldsc.py \
--print-snps /home/ye/Data/SNP_List/LDSCfile/hapmap3_snps/hm.20.snp \
--ld-wind-cm 1.0 \
--out /home/ye/Work/BioAligment/SNP/LD_Annot/NCM.bed/GDT_Cell.20 \
--bfile /home/ye/Data/SNP_List/LDSCfile/1000G_Phase3_EAS_plinkfiles/1000G.EAS.QC.20 \
--thin-annot  \
--annot /home/ye/Work/BioAligment/SNP/LD_Annot/NCM.bed/GDT_Cell.20.annot.gz \
--l2  

Beginning analysis at Fri Oct 30 14:49:55 2020
Read list of 189092 SNPs from /home/ye/Data/SNP_List/LDSCfile/1000G_Phase3_EAS_plinkfiles/1000G.EAS.QC.20.bim
Read 1 annotations for 189092 SNPs from /home/ye/Work/BioAligment/SNP/LD_Annot/NCM.bed/GDT_Cell.20.annot.gz
Read list of 481 individuals from /home/ye/Data/SNP_List/LDSCfile/1000G_Phase3_EAS_plinkfiles/1000G.EAS.QC.20.fam
Reading genotypes from /home/ye/Data/SNP_List/LDSCfile/1000G_Phase3_EAS_plinkfiles/1000G.EAS.QC.20.bed
Estimating LD Score.
Reading list of 36301 SNPs for which to print LD Scores from /home/ye/Data/SNP_List/LDSCfile/hapmap3_snps/hm.20.snp
After merging with --print-snps, LD Scores for 28841 SNPs will be printed.
Writing LD Scores for 28841 SNPs to /home/ye/Work/BioAligment/SNP/LD_Annot/NCM.bed/GDT_Cell.20.l2.ldscore.gz

Summary of LD Scores in /home/ye/Work/BioAligment/SNP/LD_Annot/NCM.bed/GDT_Cell.20.l2.ldscore.gz
         MAF      L2
mean  0.2393  0.0002
std   0.1458  0.0036
min   0.0052 -0.0021
25%   0.1123  0.0000
50%   0.2328  0.0000
75%   0.3659  0.0000
max   0.5000  0.4817

MAF/LD Score Correlation Matrix
        MAF      L2
MAF  1.0000  0.0016
L2   0.0016  1.0000

Annotation Correlation Matrix
       ANNOT
ANNOT    1.0

Annotation Matrix Column Sums
ANNOT    4

Summary of Annotation Matrix Row Sums
count    1.8909e+05
mean     2.1154e-05
std      4.5993e-03
min      0.0000e+00
25%      0.0000e+00
50%      0.0000e+00
75%      0.0000e+00
max      1.0000e+00
Analysis finished at Fri Oct 30 14:50:20 2020
Total time elapsed: 24.27s
