*********************************************************************
* LD Score Regression (LDSC)
* Version 1.0.1
* (C) 2014-2019 Brendan Bulik-Sullivan and Hilary Finucane
* Broad Institute of MIT and Harvard / MIT Department of Mathematics
* GNU General Public License v3
*********************************************************************
Call: 
./ldsc.py \
--print-snps /home/ye/Data/SNP_List/LDSCfile/hapmap3_snps/hm.17.snp \
--ld-wind-cm 1.0 \
--out /home/ye/Work/BioAligment/SNP/LD_Annot/CD4T.bed/GDT_Cell.17 \
--bfile /home/ye/Data/SNP_List/LDSCfile/1000G_Phase3_EAS_plinkfiles/1000G.EAS.QC.17 \
--thin-annot  \
--annot /home/ye/Work/BioAligment/SNP/LD_Annot/CD4T.bed/GDT_Cell.17.annot.gz \
--l2  

Beginning analysis at Fri Oct 30 14:29:32 2020
Read list of 234422 SNPs from /home/ye/Data/SNP_List/LDSCfile/1000G_Phase3_EAS_plinkfiles/1000G.EAS.QC.17.bim
Read 1 annotations for 234422 SNPs from /home/ye/Work/BioAligment/SNP/LD_Annot/CD4T.bed/GDT_Cell.17.annot.gz
Read list of 481 individuals from /home/ye/Data/SNP_List/LDSCfile/1000G_Phase3_EAS_plinkfiles/1000G.EAS.QC.17.fam
Reading genotypes from /home/ye/Data/SNP_List/LDSCfile/1000G_Phase3_EAS_plinkfiles/1000G.EAS.QC.17.bed
Estimating LD Score.
Reading list of 38396 SNPs for which to print LD Scores from /home/ye/Data/SNP_List/LDSCfile/hapmap3_snps/hm.17.snp
After merging with --print-snps, LD Scores for 29702 SNPs will be printed.
Writing LD Scores for 29702 SNPs to /home/ye/Work/BioAligment/SNP/LD_Annot/CD4T.bed/GDT_Cell.17.l2.ldscore.gz

Summary of LD Scores in /home/ye/Work/BioAligment/SNP/LD_Annot/CD4T.bed/GDT_Cell.17.l2.ldscore.gz
         MAF   L2
mean  0.2373  0.0
std   0.1449  0.0
min   0.0052  0.0
25%   0.1112  0.0
50%   0.2287  0.0
75%   0.3586  0.0
max   0.5000  0.0

MAF/LD Score Correlation Matrix
     MAF  L2
MAF  1.0 NaN
L2   NaN NaN

Annotation Correlation Matrix
       ANNOT
ANNOT    NaN

Annotation Matrix Column Sums
ANNOT    0

Summary of Annotation Matrix Row Sums
count    234422.0
mean          0.0
std           0.0
min           0.0
25%           0.0
50%           0.0
75%           0.0
max           0.0
Analysis finished at Fri Oct 30 14:30:01 2020
Total time elapsed: 29.28s
