*********************************************************************
* LD Score Regression (LDSC)
* Version 1.0.1
* (C) 2014-2019 Brendan Bulik-Sullivan and Hilary Finucane
* Broad Institute of MIT and Harvard / MIT Department of Mathematics
* GNU General Public License v3
*********************************************************************
Call: 
./ldsc.py \
--print-snps /home/ye/Data/SNP_List/LDSCfile/hapmap3_snps/hm.22.snp \
--ld-wind-cm 1.0 \
--out /home/ye/Work/BioAligment/SNP/LD_Annot/CD4T.bed/GDT_Cell.22 \
--bfile /home/ye/Data/SNP_List/LDSCfile/1000G_Phase3_EAS_plinkfiles/1000G.EAS.QC.22 \
--thin-annot  \
--annot /home/ye/Work/BioAligment/SNP/LD_Annot/CD4T.bed/GDT_Cell.22.annot.gz \
--l2  

Beginning analysis at Fri Oct 30 14:54:20 2020
Read list of 122150 SNPs from /home/ye/Data/SNP_List/LDSCfile/1000G_Phase3_EAS_plinkfiles/1000G.EAS.QC.22.bim
Read 1 annotations for 122150 SNPs from /home/ye/Work/BioAligment/SNP/LD_Annot/CD4T.bed/GDT_Cell.22.annot.gz
Read list of 481 individuals from /home/ye/Data/SNP_List/LDSCfile/1000G_Phase3_EAS_plinkfiles/1000G.EAS.QC.22.fam
Reading genotypes from /home/ye/Data/SNP_List/LDSCfile/1000G_Phase3_EAS_plinkfiles/1000G.EAS.QC.22.bed
Estimating LD Score.
Reading list of 20106 SNPs for which to print LD Scores from /home/ye/Data/SNP_List/LDSCfile/hapmap3_snps/hm.22.snp
After merging with --print-snps, LD Scores for 15824 SNPs will be printed.
Writing LD Scores for 15824 SNPs to /home/ye/Work/BioAligment/SNP/LD_Annot/CD4T.bed/GDT_Cell.22.l2.ldscore.gz

Summary of LD Scores in /home/ye/Work/BioAligment/SNP/LD_Annot/CD4T.bed/GDT_Cell.22.l2.ldscore.gz
         MAF   L2
mean  0.2318  0.0
std   0.1486  0.0
min   0.0052  0.0
25%   0.0946  0.0
50%   0.2225  0.0
75%   0.3628  0.0
max   0.5000  0.0

MAF/LD Score Correlation Matrix
     MAF  L2
MAF  1.0 NaN
L2   NaN NaN

Annotation Correlation Matrix
       ANNOT
ANNOT    NaN

Annotation Matrix Column Sums
ANNOT    0

Summary of Annotation Matrix Row Sums
count    122150.0
mean          0.0
std           0.0
min           0.0
25%           0.0
50%           0.0
75%           0.0
max           0.0
Analysis finished at Fri Oct 30 14:54:36 2020
Total time elapsed: 15.3s
