*********************************************************************
* LD Score Regression (LDSC)
* Version 1.0.1
* (C) 2014-2019 Brendan Bulik-Sullivan and Hilary Finucane
* Broad Institute of MIT and Harvard / MIT Department of Mathematics
* GNU General Public License v3
*********************************************************************
Call: 
./ldsc.py \
--print-snps /home/ye/Data/SNP_List/LDSCfile/hapmap3_snps/hm.16.snp \
--ld-wind-cm 1.0 \
--out /home/ye/Work/BioAligment/SNP/LD_Annot/CD4T.bed/GDT_Cell.16 \
--bfile /home/ye/Data/SNP_List/LDSCfile/1000G_Phase3_EAS_plinkfiles/1000G.EAS.QC.16 \
--thin-annot  \
--annot /home/ye/Work/BioAligment/SNP/LD_Annot/CD4T.bed/GDT_Cell.16.annot.gz \
--l2  

Beginning analysis at Fri Oct 30 14:22:46 2020
Read list of 272212 SNPs from /home/ye/Data/SNP_List/LDSCfile/1000G_Phase3_EAS_plinkfiles/1000G.EAS.QC.16.bim
Read 1 annotations for 272212 SNPs from /home/ye/Work/BioAligment/SNP/LD_Annot/CD4T.bed/GDT_Cell.16.annot.gz
Read list of 481 individuals from /home/ye/Data/SNP_List/LDSCfile/1000G_Phase3_EAS_plinkfiles/1000G.EAS.QC.16.fam
Reading genotypes from /home/ye/Data/SNP_List/LDSCfile/1000G_Phase3_EAS_plinkfiles/1000G.EAS.QC.16.bed
Estimating LD Score.
Reading list of 44710 SNPs for which to print LD Scores from /home/ye/Data/SNP_List/LDSCfile/hapmap3_snps/hm.16.snp
After merging with --print-snps, LD Scores for 34631 SNPs will be printed.
Writing LD Scores for 34631 SNPs to /home/ye/Work/BioAligment/SNP/LD_Annot/CD4T.bed/GDT_Cell.16.l2.ldscore.gz

Summary of LD Scores in /home/ye/Work/BioAligment/SNP/LD_Annot/CD4T.bed/GDT_Cell.16.l2.ldscore.gz
         MAF   L2
mean  0.2353  0.0
std   0.1440  0.0
min   0.0052  0.0
25%   0.1102  0.0
50%   0.2297  0.0
75%   0.3576  0.0
max   0.5000  0.0

MAF/LD Score Correlation Matrix
     MAF  L2
MAF  1.0 NaN
L2   NaN NaN

Annotation Correlation Matrix
       ANNOT
ANNOT    NaN

Annotation Matrix Column Sums
ANNOT    0

Summary of Annotation Matrix Row Sums
count    272212.0
mean          0.0
std           0.0
min           0.0
25%           0.0
50%           0.0
75%           0.0
max           0.0
Analysis finished at Fri Oct 30 14:23:21 2020
Total time elapsed: 35.12s
